<?xml version="1.0" encoding="UTF-8"?>
<testsuite xmlns:xsi="http://www.w3.org/2001/XMLSchema-instance" xsi:noNamespaceSchemaLocation="https://maven.apache.org/surefire/maven-surefire-plugin/xsd/surefire-test-report.xsd" name="com.dwbook.phonebook.AppTest" time="0.049" tests="1" errors="0" skipped="0" failures="0">
  <properties>
    <property name="java.specification.version" value="16"/>
    <property name="sun.cpu.isalist" value="amd64"/>
    <property name="sun.jnu.encoding" value="Cp1252"/>
    <property name="java.class.path" value="S:\Goldman Sachs\Java\RESTful Web Services with Dropwizard\DWphonebook\target\test-classes;S:\Goldman Sachs\Java\RESTful Web Services with Dropwizard\DWphonebook\target\classes;C:\Users\shrey\.m2\repository\junit\junit\4.11\junit-4.11.jar;C:\Users\shrey\.m2\repository\org\hamcrest\hamcrest-core\1.3\hamcrest-core-1.3.jar;C:\Users\shrey\.m2\repository\io\dropwizard\dropwizard-core\2.0.22\dropwizard-core-2.0.22.jar;C:\Users\shrey\.m2\repository\io\dropwizard\dropwizard-util\2.0.22\dropwizard-util-2.0.22.jar;C:\Users\shrey\.m2\repository\com\google\guava\guava\30.1.1-jre\guava-30.1.1-jre.jar;C:\Users\shrey\.m2\repository\com\google\guava\failureaccess\1.0.1\failureaccess-1.0.1.jar;C:\Users\shrey\.m2\repository\com\google\guava\listenablefuture\9999.0-empty-to-avoid-conflict-with-guava\listenablefuture-9999.0-empty-to-avoid-conflict-with-guava.jar;C:\Users\shrey\.m2\repository\org\checkerframework\checker-qual\3.8.0\checker-qual-3.8.0.jar;C:\Users\shrey\.m2\repository\com\google\errorprone\error_prone_annotations\2.5.1\error_prone_annotations-2.5.1.jar;C:\Users\shrey\.m2\repository\com\google\j2objc\j2objc-annotations\1.3\j2objc-annotations-1.3.jar;C:\Users\shrey\.m2\repository\io\dropwizard\dropwizard-jackson\2.0.22\dropwizard-jackson-2.0.22.jar;C:\Users\shrey\.m2\repository\com\github\ben-manes\caffeine\caffeine\2.9.1\caffeine-2.9.1.jar;C:\Users\shrey\.m2\repository\com\fasterxml\jackson\core\jackson-core\2.10.5\jackson-core-2.10.5.jar;C:\Users\shrey\.m2\repository\com\fasterxml\jackson\datatype\jackson-datatype-guava\2.10.5\jackson-datatype-guava-2.10.5.jar;C:\Users\shrey\.m2\repository\com\fasterxml\jackson\datatype\jackson-datatype-jsr310\2.10.5\jackson-datatype-jsr310-2.10.5.jar;C:\Users\shrey\.m2\repository\com\fasterxml\jackson\datatype\jackson-datatype-jdk8\2.10.5\jackson-datatype-jdk8-2.10.5.jar;C:\Users\shrey\.m2\repository\com\fasterxml\jackson\module\jackson-module-parameter-names\2.10.5\jackson-module-parameter-names-2.10.5.jar;C:\Users\shrey\.m2\repository\com\fasterxml\jackson\module\jackson-module-afterburner\2.10.5\jackson-module-afterburner-2.10.5.jar;C:\Users\shrey\.m2\repository\com\fasterxml\jackson\datatype\jackson-datatype-joda\2.10.5\jackson-datatype-joda-2.10.5.jar;C:\Users\shrey\.m2\repository\io\dropwizard\dropwizard-validation\2.0.22\dropwizard-validation-2.0.22.jar;C:\Users\shrey\.m2\repository\com\fasterxml\classmate\1.5.1\classmate-1.5.1.jar;C:\Users\shrey\.m2\repository\org\glassfish\jakarta.el\3.0.3\jakarta.el-3.0.3.jar;C:\Users\shrey\.m2\repository\io\dropwizard\dropwizard-configuration\2.0.22\dropwizard-configuration-2.0.22.jar;C:\Users\shrey\.m2\repository\com\fasterxml\jackson\dataformat\jackson-dataformat-yaml\2.10.5\jackson-dataformat-yaml-2.10.5.jar;C:\Users\shrey\.m2\repository\org\yaml\snakeyaml\1.26\snakeyaml-1.26.jar;C:\Users\shrey\.m2\repository\org\apache\commons\commons-text\1.9\commons-text-1.9.jar;C:\Users\shrey\.m2\repository\io\dropwizard\dropwizard-logging\2.0.22\dropwizard-logging-2.0.22.jar;C:\Users\shrey\.m2\repository\io\dropwizard\metrics\metrics-logback\4.1.22\metrics-logback-4.1.22.jar;C:\Users\shrey\.m2\repository\org\slf4j\jul-to-slf4j\1.7.30\jul-to-slf4j-1.7.30.jar;C:\Users\shrey\.m2\repository\ch\qos\logback\logback-core\1.2.3\logback-core-1.2.3.jar;C:\Users\shrey\.m2\repository\io\dropwizard\logback\logback-throttling-appender\1.1.0\logback-throttling-appender-1.1.0.jar;C:\Users\shrey\.m2\repository\org\slf4j\log4j-over-slf4j\1.7.30\log4j-over-slf4j-1.7.30.jar;C:\Users\shrey\.m2\repository\org\slf4j\jcl-over-slf4j\1.7.30\jcl-over-slf4j-1.7.30.jar;C:\Users\shrey\.m2\repository\io\dropwizard\dropwizard-metrics\2.0.22\dropwizard-metrics-2.0.22.jar;C:\Users\shrey\.m2\repository\io\dropwizard\dropwizard-jersey\2.0.22\dropwizard-jersey-2.0.22.jar;C:\Users\shrey\.m2\repository\org\glassfish\jersey\core\jersey-server\2.33\jersey-server-2.33.jar;C:\Users\shrey\.m2\repository\org\glassfish\jersey\ext\jersey-metainf-services\2.33\jersey-metainf-services-2.33.jar;C:\Users\shrey\.m2\repository\org\glassfish\jersey\inject\jersey-hk2\2.33\jersey-hk2-2.33.jar;C:\Users\shrey\.m2\repository\org\glassfish\hk2\hk2-locator\2.6.1\hk2-locator-2.6.1.jar;C:\Users\shrey\.m2\repository\org\javassist\javassist\3.28.0-GA\javassist-3.28.0-GA.jar;C:\Users\shrey\.m2\repository\io\dropwizard\metrics\metrics-jersey2\4.1.22\metrics-jersey2-4.1.22.jar;C:\Users\shrey\.m2\repository\com\fasterxml\jackson\jaxrs\jackson-jaxrs-json-provider\2.10.5\jackson-jaxrs-json-provider-2.10.5.jar;C:\Users\shrey\.m2\repository\com\fasterxml\jackson\jaxrs\jackson-jaxrs-base\2.10.5\jackson-jaxrs-base-2.10.5.jar;C:\Users\shrey\.m2\repository\com\fasterxml\jackson\module\jackson-module-jaxb-annotations\2.10.5\jackson-module-jaxb-annotations-2.10.5.jar;C:\Users\shrey\.m2\repository\jakarta\xml\bind\jakarta.xml.bind-api\2.3.2\jakarta.xml.bind-api-2.3.2.jar;C:\Users\shrey\.m2\repository\jakarta\activation\jakarta.activation-api\1.2.1\jakarta.activation-api-1.2.1.jar;C:\Users\shrey\.m2\repository\jakarta\annotation\jakarta.annotation-api\1.3.5\jakarta.annotation-api-1.3.5.jar;C:\Users\shrey\.m2\repository\joda-time\joda-time\2.10.10\joda-time-2.10.10.jar;C:\Users\shrey\.m2\repository\org\glassfish\hk2\hk2-api\2.6.1\hk2-api-2.6.1.jar;C:\Users\shrey\.m2\repository\org\glassfish\hk2\hk2-utils\2.6.1\hk2-utils-2.6.1.jar;C:\Users\shrey\.m2\repository\org\glassfish\hk2\external\aopalliance-repackaged\2.6.1\aopalliance-repackaged-2.6.1.jar;C:\Users\shrey\.m2\repository\org\glassfish\jersey\containers\jersey-container-servlet\2.33\jersey-container-servlet-2.33.jar;C:\Users\shrey\.m2\repository\org\glassfish\jersey\containers\jersey-container-servlet-core\2.33\jersey-container-servlet-core-2.33.jar;C:\Users\shrey\.m2\repository\org\glassfish\jersey\core\jersey-client\2.33\jersey-client-2.33.jar;C:\Users\shrey\.m2\repository\org\eclipse\jetty\jetty-io\9.4.41.v20210516\jetty-io-9.4.41.v20210516.jar;C:\Users\shrey\.m2\repository\org\apache\commons\commons-lang3\3.12.0\commons-lang3-3.12.0.jar;C:\Users\shrey\.m2\repository\io\dropwizard\dropwizard-servlets\2.0.22\dropwizard-servlets-2.0.22.jar;C:\Users\shrey\.m2\repository\io\dropwizard\metrics\metrics-annotation\4.1.22\metrics-annotation-4.1.22.jar;C:\Users\shrey\.m2\repository\io\dropwizard\dropwizard-jetty\2.0.22\dropwizard-jetty-2.0.22.jar;C:\Users\shrey\.m2\repository\org\eclipse\jetty\jetty-servlets\9.4.41.v20210516\jetty-servlets-9.4.41.v20210516.jar;C:\Users\shrey\.m2\repository\org\eclipse\jetty\jetty-continuation\9.4.41.v20210516\jetty-continuation-9.4.41.v20210516.jar;C:\Users\shrey\.m2\repository\org\eclipse\jetty\jetty-http\9.4.41.v20210516\jetty-http-9.4.41.v20210516.jar;C:\Users\shrey\.m2\repository\io\dropwizard\dropwizard-lifecycle\2.0.22\dropwizard-lifecycle-2.0.22.jar;C:\Users\shrey\.m2\repository\io\dropwizard\metrics\metrics-core\4.1.22\metrics-core-4.1.22.jar;C:\Users\shrey\.m2\repository\io\dropwizard\metrics\metrics-jetty9\4.1.22\metrics-jetty9-4.1.22.jar;C:\Users\shrey\.m2\repository\io\dropwizard\metrics\metrics-jvm\4.1.22\metrics-jvm-4.1.22.jar;C:\Users\shrey\.m2\repository\io\dropwizard\metrics\metrics-jmx\4.1.22\metrics-jmx-4.1.22.jar;C:\Users\shrey\.m2\repository\io\dropwizard\metrics\metrics-servlets\4.1.22\metrics-servlets-4.1.22.jar;C:\Users\shrey\.m2\repository\io\dropwizard\metrics\metrics-json\4.1.22\metrics-json-4.1.22.jar;C:\Users\shrey\.m2\repository\com\helger\profiler\1.1.1\profiler-1.1.1.jar;C:\Users\shrey\.m2\repository\io\dropwizard\metrics\metrics-healthchecks\4.1.22\metrics-healthchecks-4.1.22.jar;C:\Users\shrey\.m2\repository\io\dropwizard\dropwizard-request-logging\2.0.22\dropwizard-request-logging-2.0.22.jar;C:\Users\shrey\.m2\repository\ch\qos\logback\logback-access\1.2.3\logback-access-1.2.3.jar;C:\Users\shrey\.m2\repository\ch\qos\logback\logback-classic\1.2.3\logback-classic-1.2.3.jar;C:\Users\shrey\.m2\repository\com\fasterxml\jackson\core\jackson-annotations\2.10.5\jackson-annotations-2.10.5.jar;C:\Users\shrey\.m2\repository\com\fasterxml\jackson\core\jackson-databind\2.10.5.1\jackson-databind-2.10.5.1.jar;C:\Users\shrey\.m2\repository\com\google\code\findbugs\jsr305\3.0.2\jsr305-3.0.2.jar;C:\Users\shrey\.m2\repository\jakarta\servlet\jakarta.servlet-api\4.0.4\jakarta.servlet-api-4.0.4.jar;C:\Users\shrey\.m2\repository\jakarta\validation\jakarta.validation-api\2.0.2\jakarta.validation-api-2.0.2.jar;C:\Users\shrey\.m2\repository\jakarta\ws\rs\jakarta.ws.rs-api\2.1.6\jakarta.ws.rs-api-2.1.6.jar;C:\Users\shrey\.m2\repository\net\sourceforge\argparse4j\argparse4j\0.8.1\argparse4j-0.8.1.jar;C:\Users\shrey\.m2\repository\org\eclipse\jetty\jetty-security\9.4.41.v20210516\jetty-security-9.4.41.v20210516.jar;C:\Users\shrey\.m2\repository\org\eclipse\jetty\jetty-server\9.4.41.v20210516\jetty-server-9.4.41.v20210516.jar;C:\Users\shrey\.m2\repository\org\eclipse\jetty\jetty-servlet\9.4.41.v20210516\jetty-servlet-9.4.41.v20210516.jar;C:\Users\shrey\.m2\repository\org\eclipse\jetty\jetty-util-ajax\9.4.41.v20210516\jetty-util-ajax-9.4.41.v20210516.jar;C:\Users\shrey\.m2\repository\org\eclipse\jetty\jetty-util\9.4.41.v20210516\jetty-util-9.4.41.v20210516.jar;C:\Users\shrey\.m2\repository\org\eclipse\jetty\toolchain\setuid\jetty-setuid-java\1.0.4\jetty-setuid-java-1.0.4.jar;C:\Users\shrey\.m2\repository\org\glassfish\hk2\external\jakarta.inject\2.6.1\jakarta.inject-2.6.1.jar;C:\Users\shrey\.m2\repository\org\glassfish\jersey\core\jersey-common\2.33\jersey-common-2.33.jar;C:\Users\shrey\.m2\repository\org\glassfish\hk2\osgi-resource-locator\1.0.3\osgi-resource-locator-1.0.3.jar;C:\Users\shrey\.m2\repository\org\glassfish\jersey\ext\jersey-bean-validation\2.33\jersey-bean-validation-2.33.jar;C:\Users\shrey\.m2\repository\org\hibernate\validator\hibernate-validator\6.1.7.Final\hibernate-validator-6.1.7.Final.jar;C:\Users\shrey\.m2\repository\org\jboss\logging\jboss-logging\3.3.2.Final\jboss-logging-3.3.2.Final.jar;C:\Users\shrey\.m2\repository\org\slf4j\slf4j-api\1.7.30\slf4j-api-1.7.30.jar;C:\Users\shrey\.m2\repository\mysql\mysql-connector-java\8.0.24\mysql-connector-java-8.0.24.jar;C:\Users\shrey\.m2\repository\com\google\protobuf\protobuf-java\3.11.4\protobuf-java-3.11.4.jar;C:\Users\shrey\.m2\repository\io\dropwizard\dropwizard-jdbi\2.0.0-rc9\dropwizard-jdbi-2.0.0-rc9.jar;C:\Users\shrey\.m2\repository\io\dropwizard\dropwizard-db\2.0.0-rc9\dropwizard-db-2.0.0-rc9.jar;C:\Users\shrey\.m2\repository\org\apache\tomcat\tomcat-jdbc\9.0.24\tomcat-jdbc-9.0.24.jar;C:\Users\shrey\.m2\repository\org\apache\tomcat\tomcat-juli\9.0.24\tomcat-juli-9.0.24.jar;C:\Users\shrey\.m2\repository\org\jdbi\jdbi\2.78\jdbi-2.78.jar;C:\Users\shrey\.m2\repository\io\dropwizard\metrics\metrics-jdbi\4.1.0\metrics-jdbi-4.1.0.jar;"/>
    <property name="java.vm.vendor" value="Oracle Corporation"/>
    <property name="sun.arch.data.model" value="64"/>
    <property name="user.variant" value=""/>
    <property name="java.vendor.url" value="https://java.oracle.com/"/>
    <property name="user.timezone" value="Asia/Calcutta"/>
    <property name="os.name" value="Windows 10"/>
    <property name="java.vm.specification.version" value="16"/>
    <property name="sun.java.launcher" value="SUN_STANDARD"/>
    <property name="user.country" value="IN"/>
    <property name="sun.boot.library.path" value="C:\Program Files\Java\jdk-16.0.1\bin"/>
    <property name="sun.java.command" value="C:\Users\shrey\AppData\Local\Temp\surefire461635148883742303\surefirebooter880263199827471261.jar C:\Users\shrey\AppData\Local\Temp\surefire461635148883742303 2021-05-31T21-38-38_150-jvmRun1 surefire11469548011084680867tmp surefire_015989263505684445374tmp"/>
    <property name="jdk.debug" value="release"/>
    <property name="surefire.test.class.path" value="S:\Goldman Sachs\Java\RESTful Web Services with Dropwizard\DWphonebook\target\test-classes;S:\Goldman Sachs\Java\RESTful Web Services with Dropwizard\DWphonebook\target\classes;C:\Users\shrey\.m2\repository\junit\junit\4.11\junit-4.11.jar;C:\Users\shrey\.m2\repository\org\hamcrest\hamcrest-core\1.3\hamcrest-core-1.3.jar;C:\Users\shrey\.m2\repository\io\dropwizard\dropwizard-core\2.0.22\dropwizard-core-2.0.22.jar;C:\Users\shrey\.m2\repository\io\dropwizard\dropwizard-util\2.0.22\dropwizard-util-2.0.22.jar;C:\Users\shrey\.m2\repository\com\google\guava\guava\30.1.1-jre\guava-30.1.1-jre.jar;C:\Users\shrey\.m2\repository\com\google\guava\failureaccess\1.0.1\failureaccess-1.0.1.jar;C:\Users\shrey\.m2\repository\com\google\guava\listenablefuture\9999.0-empty-to-avoid-conflict-with-guava\listenablefuture-9999.0-empty-to-avoid-conflict-with-guava.jar;C:\Users\shrey\.m2\repository\org\checkerframework\checker-qual\3.8.0\checker-qual-3.8.0.jar;C:\Users\shrey\.m2\repository\com\google\errorprone\error_prone_annotations\2.5.1\error_prone_annotations-2.5.1.jar;C:\Users\shrey\.m2\repository\com\google\j2objc\j2objc-annotations\1.3\j2objc-annotations-1.3.jar;C:\Users\shrey\.m2\repository\io\dropwizard\dropwizard-jackson\2.0.22\dropwizard-jackson-2.0.22.jar;C:\Users\shrey\.m2\repository\com\github\ben-manes\caffeine\caffeine\2.9.1\caffeine-2.9.1.jar;C:\Users\shrey\.m2\repository\com\fasterxml\jackson\core\jackson-core\2.10.5\jackson-core-2.10.5.jar;C:\Users\shrey\.m2\repository\com\fasterxml\jackson\datatype\jackson-datatype-guava\2.10.5\jackson-datatype-guava-2.10.5.jar;C:\Users\shrey\.m2\repository\com\fasterxml\jackson\datatype\jackson-datatype-jsr310\2.10.5\jackson-datatype-jsr310-2.10.5.jar;C:\Users\shrey\.m2\repository\com\fasterxml\jackson\datatype\jackson-datatype-jdk8\2.10.5\jackson-datatype-jdk8-2.10.5.jar;C:\Users\shrey\.m2\repository\com\fasterxml\jackson\module\jackson-module-parameter-names\2.10.5\jackson-module-parameter-names-2.10.5.jar;C:\Users\shrey\.m2\repository\com\fasterxml\jackson\module\jackson-module-afterburner\2.10.5\jackson-module-afterburner-2.10.5.jar;C:\Users\shrey\.m2\repository\com\fasterxml\jackson\datatype\jackson-datatype-joda\2.10.5\jackson-datatype-joda-2.10.5.jar;C:\Users\shrey\.m2\repository\io\dropwizard\dropwizard-validation\2.0.22\dropwizard-validation-2.0.22.jar;C:\Users\shrey\.m2\repository\com\fasterxml\classmate\1.5.1\classmate-1.5.1.jar;C:\Users\shrey\.m2\repository\org\glassfish\jakarta.el\3.0.3\jakarta.el-3.0.3.jar;C:\Users\shrey\.m2\repository\io\dropwizard\dropwizard-configuration\2.0.22\dropwizard-configuration-2.0.22.jar;C:\Users\shrey\.m2\repository\com\fasterxml\jackson\dataformat\jackson-dataformat-yaml\2.10.5\jackson-dataformat-yaml-2.10.5.jar;C:\Users\shrey\.m2\repository\org\yaml\snakeyaml\1.26\snakeyaml-1.26.jar;C:\Users\shrey\.m2\repository\org\apache\commons\commons-text\1.9\commons-text-1.9.jar;C:\Users\shrey\.m2\repository\io\dropwizard\dropwizard-logging\2.0.22\dropwizard-logging-2.0.22.jar;C:\Users\shrey\.m2\repository\io\dropwizard\metrics\metrics-logback\4.1.22\metrics-logback-4.1.22.jar;C:\Users\shrey\.m2\repository\org\slf4j\jul-to-slf4j\1.7.30\jul-to-slf4j-1.7.30.jar;C:\Users\shrey\.m2\repository\ch\qos\logback\logback-core\1.2.3\logback-core-1.2.3.jar;C:\Users\shrey\.m2\repository\io\dropwizard\logback\logback-throttling-appender\1.1.0\logback-throttling-appender-1.1.0.jar;C:\Users\shrey\.m2\repository\org\slf4j\log4j-over-slf4j\1.7.30\log4j-over-slf4j-1.7.30.jar;C:\Users\shrey\.m2\repository\org\slf4j\jcl-over-slf4j\1.7.30\jcl-over-slf4j-1.7.30.jar;C:\Users\shrey\.m2\repository\io\dropwizard\dropwizard-metrics\2.0.22\dropwizard-metrics-2.0.22.jar;C:\Users\shrey\.m2\repository\io\dropwizard\dropwizard-jersey\2.0.22\dropwizard-jersey-2.0.22.jar;C:\Users\shrey\.m2\repository\org\glassfish\jersey\core\jersey-server\2.33\jersey-server-2.33.jar;C:\Users\shrey\.m2\repository\org\glassfish\jersey\ext\jersey-metainf-services\2.33\jersey-metainf-services-2.33.jar;C:\Users\shrey\.m2\repository\org\glassfish\jersey\inject\jersey-hk2\2.33\jersey-hk2-2.33.jar;C:\Users\shrey\.m2\repository\org\glassfish\hk2\hk2-locator\2.6.1\hk2-locator-2.6.1.jar;C:\Users\shrey\.m2\repository\org\javassist\javassist\3.28.0-GA\javassist-3.28.0-GA.jar;C:\Users\shrey\.m2\repository\io\dropwizard\metrics\metrics-jersey2\4.1.22\metrics-jersey2-4.1.22.jar;C:\Users\shrey\.m2\repository\com\fasterxml\jackson\jaxrs\jackson-jaxrs-json-provider\2.10.5\jackson-jaxrs-json-provider-2.10.5.jar;C:\Users\shrey\.m2\repository\com\fasterxml\jackson\jaxrs\jackson-jaxrs-base\2.10.5\jackson-jaxrs-base-2.10.5.jar;C:\Users\shrey\.m2\repository\com\fasterxml\jackson\module\jackson-module-jaxb-annotations\2.10.5\jackson-module-jaxb-annotations-2.10.5.jar;C:\Users\shrey\.m2\repository\jakarta\xml\bind\jakarta.xml.bind-api\2.3.2\jakarta.xml.bind-api-2.3.2.jar;C:\Users\shrey\.m2\repository\jakarta\activation\jakarta.activation-api\1.2.1\jakarta.activation-api-1.2.1.jar;C:\Users\shrey\.m2\repository\jakarta\annotation\jakarta.annotation-api\1.3.5\jakarta.annotation-api-1.3.5.jar;C:\Users\shrey\.m2\repository\joda-time\joda-time\2.10.10\joda-time-2.10.10.jar;C:\Users\shrey\.m2\repository\org\glassfish\hk2\hk2-api\2.6.1\hk2-api-2.6.1.jar;C:\Users\shrey\.m2\repository\org\glassfish\hk2\hk2-utils\2.6.1\hk2-utils-2.6.1.jar;C:\Users\shrey\.m2\repository\org\glassfish\hk2\external\aopalliance-repackaged\2.6.1\aopalliance-repackaged-2.6.1.jar;C:\Users\shrey\.m2\repository\org\glassfish\jersey\containers\jersey-container-servlet\2.33\jersey-container-servlet-2.33.jar;C:\Users\shrey\.m2\repository\org\glassfish\jersey\containers\jersey-container-servlet-core\2.33\jersey-container-servlet-core-2.33.jar;C:\Users\shrey\.m2\repository\org\glassfish\jersey\core\jersey-client\2.33\jersey-client-2.33.jar;C:\Users\shrey\.m2\repository\org\eclipse\jetty\jetty-io\9.4.41.v20210516\jetty-io-9.4.41.v20210516.jar;C:\Users\shrey\.m2\repository\org\apache\commons\commons-lang3\3.12.0\commons-lang3-3.12.0.jar;C:\Users\shrey\.m2\repository\io\dropwizard\dropwizard-servlets\2.0.22\dropwizard-servlets-2.0.22.jar;C:\Users\shrey\.m2\repository\io\dropwizard\metrics\metrics-annotation\4.1.22\metrics-annotation-4.1.22.jar;C:\Users\shrey\.m2\repository\io\dropwizard\dropwizard-jetty\2.0.22\dropwizard-jetty-2.0.22.jar;C:\Users\shrey\.m2\repository\org\eclipse\jetty\jetty-servlets\9.4.41.v20210516\jetty-servlets-9.4.41.v20210516.jar;C:\Users\shrey\.m2\repository\org\eclipse\jetty\jetty-continuation\9.4.41.v20210516\jetty-continuation-9.4.41.v20210516.jar;C:\Users\shrey\.m2\repository\org\eclipse\jetty\jetty-http\9.4.41.v20210516\jetty-http-9.4.41.v20210516.jar;C:\Users\shrey\.m2\repository\io\dropwizard\dropwizard-lifecycle\2.0.22\dropwizard-lifecycle-2.0.22.jar;C:\Users\shrey\.m2\repository\io\dropwizard\metrics\metrics-core\4.1.22\metrics-core-4.1.22.jar;C:\Users\shrey\.m2\repository\io\dropwizard\metrics\metrics-jetty9\4.1.22\metrics-jetty9-4.1.22.jar;C:\Users\shrey\.m2\repository\io\dropwizard\metrics\metrics-jvm\4.1.22\metrics-jvm-4.1.22.jar;C:\Users\shrey\.m2\repository\io\dropwizard\metrics\metrics-jmx\4.1.22\metrics-jmx-4.1.22.jar;C:\Users\shrey\.m2\repository\io\dropwizard\metrics\metrics-servlets\4.1.22\metrics-servlets-4.1.22.jar;C:\Users\shrey\.m2\repository\io\dropwizard\metrics\metrics-json\4.1.22\metrics-json-4.1.22.jar;C:\Users\shrey\.m2\repository\com\helger\profiler\1.1.1\profiler-1.1.1.jar;C:\Users\shrey\.m2\repository\io\dropwizard\metrics\metrics-healthchecks\4.1.22\metrics-healthchecks-4.1.22.jar;C:\Users\shrey\.m2\repository\io\dropwizard\dropwizard-request-logging\2.0.22\dropwizard-request-logging-2.0.22.jar;C:\Users\shrey\.m2\repository\ch\qos\logback\logback-access\1.2.3\logback-access-1.2.3.jar;C:\Users\shrey\.m2\repository\ch\qos\logback\logback-classic\1.2.3\logback-classic-1.2.3.jar;C:\Users\shrey\.m2\repository\com\fasterxml\jackson\core\jackson-annotations\2.10.5\jackson-annotations-2.10.5.jar;C:\Users\shrey\.m2\repository\com\fasterxml\jackson\core\jackson-databind\2.10.5.1\jackson-databind-2.10.5.1.jar;C:\Users\shrey\.m2\repository\com\google\code\findbugs\jsr305\3.0.2\jsr305-3.0.2.jar;C:\Users\shrey\.m2\repository\jakarta\servlet\jakarta.servlet-api\4.0.4\jakarta.servlet-api-4.0.4.jar;C:\Users\shrey\.m2\repository\jakarta\validation\jakarta.validation-api\2.0.2\jakarta.validation-api-2.0.2.jar;C:\Users\shrey\.m2\repository\jakarta\ws\rs\jakarta.ws.rs-api\2.1.6\jakarta.ws.rs-api-2.1.6.jar;C:\Users\shrey\.m2\repository\net\sourceforge\argparse4j\argparse4j\0.8.1\argparse4j-0.8.1.jar;C:\Users\shrey\.m2\repository\org\eclipse\jetty\jetty-security\9.4.41.v20210516\jetty-security-9.4.41.v20210516.jar;C:\Users\shrey\.m2\repository\org\eclipse\jetty\jetty-server\9.4.41.v20210516\jetty-server-9.4.41.v20210516.jar;C:\Users\shrey\.m2\repository\org\eclipse\jetty\jetty-servlet\9.4.41.v20210516\jetty-servlet-9.4.41.v20210516.jar;C:\Users\shrey\.m2\repository\org\eclipse\jetty\jetty-util-ajax\9.4.41.v20210516\jetty-util-ajax-9.4.41.v20210516.jar;C:\Users\shrey\.m2\repository\org\eclipse\jetty\jetty-util\9.4.41.v20210516\jetty-util-9.4.41.v20210516.jar;C:\Users\shrey\.m2\repository\org\eclipse\jetty\toolchain\setuid\jetty-setuid-java\1.0.4\jetty-setuid-java-1.0.4.jar;C:\Users\shrey\.m2\repository\org\glassfish\hk2\external\jakarta.inject\2.6.1\jakarta.inject-2.6.1.jar;C:\Users\shrey\.m2\repository\org\glassfish\jersey\core\jersey-common\2.33\jersey-common-2.33.jar;C:\Users\shrey\.m2\repository\org\glassfish\hk2\osgi-resource-locator\1.0.3\osgi-resource-locator-1.0.3.jar;C:\Users\shrey\.m2\repository\org\glassfish\jersey\ext\jersey-bean-validation\2.33\jersey-bean-validation-2.33.jar;C:\Users\shrey\.m2\repository\org\hibernate\validator\hibernate-validator\6.1.7.Final\hibernate-validator-6.1.7.Final.jar;C:\Users\shrey\.m2\repository\org\jboss\logging\jboss-logging\3.3.2.Final\jboss-logging-3.3.2.Final.jar;C:\Users\shrey\.m2\repository\org\slf4j\slf4j-api\1.7.30\slf4j-api-1.7.30.jar;C:\Users\shrey\.m2\repository\mysql\mysql-connector-java\8.0.24\mysql-connector-java-8.0.24.jar;C:\Users\shrey\.m2\repository\com\google\protobuf\protobuf-java\3.11.4\protobuf-java-3.11.4.jar;C:\Users\shrey\.m2\repository\io\dropwizard\dropwizard-jdbi\2.0.0-rc9\dropwizard-jdbi-2.0.0-rc9.jar;C:\Users\shrey\.m2\repository\io\dropwizard\dropwizard-db\2.0.0-rc9\dropwizard-db-2.0.0-rc9.jar;C:\Users\shrey\.m2\repository\org\apache\tomcat\tomcat-jdbc\9.0.24\tomcat-jdbc-9.0.24.jar;C:\Users\shrey\.m2\repository\org\apache\tomcat\tomcat-juli\9.0.24\tomcat-juli-9.0.24.jar;C:\Users\shrey\.m2\repository\org\jdbi\jdbi\2.78\jdbi-2.78.jar;C:\Users\shrey\.m2\repository\io\dropwizard\metrics\metrics-jdbi\4.1.0\metrics-jdbi-4.1.0.jar;"/>
    <property name="sun.cpu.endian" value="little"/>
    <property name="user.home" value="C:\Users\shrey"/>
    <property name="user.language" value="en"/>
    <property name="java.specification.vendor" value="Oracle Corporation"/>
    <property name="java.version.date" value="2021-04-20"/>
    <property name="java.home" value="C:\Program Files\Java\jdk-16.0.1"/>
    <property name="file.separator" value="\"/>
    <property name="basedir" value="S:\Goldman Sachs\Java\RESTful Web Services with Dropwizard\DWphonebook"/>
    <property name="java.vm.compressedOopsMode" value="32-bit"/>
    <property name="line.separator" value="&#10;"/>
    <property name="java.vm.specification.vendor" value="Oracle Corporation"/>
    <property name="java.specification.name" value="Java Platform API Specification"/>
    <property name="surefire.real.class.path" value="C:\Users\shrey\AppData\Local\Temp\surefire461635148883742303\surefirebooter880263199827471261.jar"/>
    <property name="user.script" value=""/>
    <property name="sun.management.compiler" value="HotSpot 64-Bit Tiered Compilers"/>
    <property name="java.runtime.version" value="16.0.1+9-24"/>
    <property name="user.name" value="shrey"/>
    <property name="path.separator" value=";"/>
    <property name="os.version" value="10.0"/>
    <property name="java.runtime.name" value="Java(TM) SE Runtime Environment"/>
    <property name="file.encoding" value="Cp1252"/>
    <property name="java.vm.name" value="Java HotSpot(TM) 64-Bit Server VM"/>
    <property name="localRepository" value="C:\Users\shrey\.m2\repository"/>
    <property name="java.vendor.url.bug" value="https://bugreport.java.com/bugreport/"/>
    <property name="java.io.tmpdir" value="C:\Users\shrey\AppData\Local\Temp\"/>
    <property name="idea.version" value="2021.1.1"/>
    <property name="java.version" value="16.0.1"/>
    <property name="user.dir" value="S:\Goldman Sachs\Java\RESTful Web Services with Dropwizard\DWphonebook"/>
    <property name="os.arch" value="amd64"/>
    <property name="java.vm.specification.name" value="Java Virtual Machine Specification"/>
    <property name="sun.os.patch.level" value=""/>
    <property name="java.library.path" value="C:\Program Files\Java\jdk-16.0.1\bin;C:\Windows\Sun\Java\bin;C:\Windows\system32;C:\Windows;C:\Program Files\Common Files\Oracle\Java\javapath;C:\Program Files\NVIDIA GPU Computing Toolkit\CUDA\v11.2\bin;C:\Program Files\NVIDIA GPU Computing Toolkit\CUDA\v11.2\libnvvp;C:\Windows\system32;C:\Windows;C:\Windows\System32\Wbem;C:\Windows\System32\WindowsPowerShell\v1.0\;C:\Windows\System32\OpenSSH\;C:\Program Files\Git\cmd;C:\Program Files\NVIDIA Corporation\NVIDIA NvDLISR;C:\Program Files (x86)\NVIDIA Corporation\PhysX\Common;C:\Program Files\NVIDIA Corporation\Nsight Compute 2020.3.1\;C:\Program Files\nodejs\;C:\ProgramData\chocolatey\bin;C:\Users\shrey\AppData\Roaming\Python\Python37\Scripts;C:\FFMPEG\bin;C:\Users\shrey\SystemCodes\curl-7.77.0-win64-mingw\bin;C:\Users\shrey\AppData\Local\Microsoft\WindowsApps;C:\Users\shrey\AppData\Local\Programs\Microsoft VS Code\bin;C:\MinGW\bin;C:\Users\shrey\SystemCodes;C:\Users\shrey\AppData\Roaming\npm;C:\Program Files\JetBrains\IntelliJ IDEA 2021.1.1\bin;;."/>
    <property name="java.vm.info" value="mixed mode, sharing"/>
    <property name="java.vendor" value="Oracle Corporation"/>
    <property name="java.vm.version" value="16.0.1+9-24"/>
    <property name="sun.io.unicode.encoding" value="UnicodeLittle"/>
    <property name="java.class.version" value="60.0"/>
  </properties>
  <testcase name="shouldAnswerWithTrue" classname="com.dwbook.phonebook.AppTest" time="0.009"/>
</testsuite>